  DinseyPlanes.cpp
g:\github repos\dinsey-planes\dinseyplanes\dinseyplanes\consolewindow.h(297): warning C4018: '<': signed/unsigned mismatch
g:\github repos\dinsey-planes\dinseyplanes\dinseyplanes\consolewindow.h(299): warning C4018: '<': signed/unsigned mismatch
g:\github repos\dinsey-planes\dinseyplanes\dinseyplanes\consolewindow.h(300): warning C4018: '<': signed/unsigned mismatch
g:\github repos\dinsey-planes\dinseyplanes\dinseyplanes\settings.h(12): warning C4244: 'argument': conversion from 'int' to 'float', possible loss of data
g:\github repos\dinsey-planes\dinseyplanes\dinseyplanes\defaults.h(15): warning C4091: 'static ': ignored on left of 'SYDEDefaults' when no variable is declared
g:\github repos\dinsey-planes\dinseyplanes\dinseyplanes\dinseyplanes.cpp(65): warning C4244: 'argument': conversion from 'int' to 'float', possible loss of data
g:\github repos\dinsey-planes\dinseyplanes\dinseyplanes\dinseyplanes.cpp(160): warning C4244: 'argument': conversion from 'int' to 'float', possible loss of data
g:\github repos\dinsey-planes\dinseyplanes\dinseyplanes\dinseyplanes.cpp(188): warning C4244: 'argument': conversion from 'int' to 'float', possible loss of data
  Main.cpp
g:\github repos\dinsey-planes\dinseyplanes\dinseyplanes\consolewindow.h(297): warning C4018: '<': signed/unsigned mismatch
g:\github repos\dinsey-planes\dinseyplanes\dinseyplanes\consolewindow.h(299): warning C4018: '<': signed/unsigned mismatch
g:\github repos\dinsey-planes\dinseyplanes\dinseyplanes\consolewindow.h(300): warning C4018: '<': signed/unsigned mismatch
g:\github repos\dinsey-planes\dinseyplanes\dinseyplanes\settings.h(12): warning C4244: 'argument': conversion from 'int' to 'float', possible loss of data
g:\github repos\dinsey-planes\dinseyplanes\dinseyplanes\defaults.h(15): warning C4091: 'static ': ignored on left of 'SYDEDefaults' when no variable is declared
LINK : warning C4727: PCH named g:\github repos\custom-console\drawableconsole\release\sydeengine.pch with same timestamp found in g:\github repos\custom-console\drawableconsole\release\consolewindow.obj and g:\github repos\custom-console\drawableconsole\release\customanimationasset.obj.  Using first PCH.
LINK : warning C4727: PCH named g:\github repos\custom-console\drawableconsole\release\sydeengine.pch with same timestamp found in g:\github repos\custom-console\drawableconsole\release\sydekeycode.obj and g:\github repos\custom-console\drawableconsole\release\sydekey.obj.  Using first PCH.
LINK : warning C4727: PCH named g:\github repos\custom-console\drawableconsole\release\sydeengine.pch with same timestamp found in g:\github repos\custom-console\drawableconsole\release\defaults.obj and g:\github repos\custom-console\drawableconsole\release\customasset.obj.  Using first PCH.
LINK : warning C4727: PCH named g:\github repos\custom-console\drawableconsole\release\sydeengine.pch with same timestamp found in g:\github repos\custom-console\drawableconsole\release\sydegameplay.obj and g:\github repos\custom-console\drawableconsole\release\sydecredits.obj.  Using first PCH.
LINK : warning C4727: PCH named g:\github repos\custom-console\drawableconsole\release\sydeengine.pch with same timestamp found in g:\github repos\custom-console\drawableconsole\release\textitem.obj and g:\github repos\custom-console\drawableconsole\release\sydetime.obj.  Using first PCH.
LINK : warning C4727: PCH named g:\github repos\custom-console\drawableconsole\release\sydeengine.pch with same timestamp found in g:\github repos\custom-console\drawableconsole\release\artwork.obj and g:\github repos\custom-console\drawableconsole\release\assetsclass.obj.  Using first PCH.
  Generating code
  114 of 1200 functions ( 9.5%) were compiled, the rest were copied from previous compilation.
    1 functions were new in current compilation
    1 functions had inline decision re-evaluated but remain unchanged
  Finished generating code
  DinseyPlanes.vcxproj -> G:\Github Repos\Dinsey-Planes\DinseyPlanes\Release\DinseyPlanes.exe
